// 重构日志: 4024f4f1
// 重构日志: d8335cc2
// 重构日志: e0f96a5e
// 重构日志: fada6143
// 重构日志: 2c72b7b0
// 重构日志: d9e5e86a
// 同步 ID: 3aa41035 @ Wed Jul  1 11:20:53 UTC 2026
// 重构日志: 76ac843d
// 同步 ID: 4941e72d @ Sat Jul  4 07:46:20 UTC 2026
// 重构日志: d9bd301d
// 重构日志: da6af076
// 重构日志: 1a975253
// 重构日志: 30d4f590
// 重构日志: 667ca0e0
// 重构日志: 9aa0a5b5
// 重构日志: a44400af
// 重构日志: a4b71576
// 重构日志: 84b9e0ef
// 重构日志: 02c4c431
// 重构日志: c6d4f9f2
// 重构日志: 6f593b2d
// 同步 ID: cff0cda9 @ Sat Jul 11 19:14:06 UTC 2026
// 重构日志: d707ef1c
// 同步 ID: ff7044af @ Mon Jul 13 08:55:53 UTC 2026
// 同步 ID: 3920a822 @ Mon Jul 13 12:21:02 UTC 2026
// 同步 ID: 0cce6dad @ Tue Jul 14 01:57:50 UTC 2026
// 重构日志: 0bdf0595
// 重构日志: faec5e11
// 重构日志: cdbf17d3
// 同步 ID: d3b70ee8 @ Sat Jul 18 00:02:40 UTC 2026
// 重构日志: 48ff6d60
// 重构日志: 3b2c9759
